TN:
SF:/home/ubuntu/workspace/nlcAttendance/api/controllers/RestController.js
FN:14,(anonymous_0)
FN:36,(anonymous_1)
FN:49,(anonymous_2)
FN:73,(anonymous_3)
FNF:4
FNH:0
FNDA:0,(anonymous_0)
FNDA:0,(anonymous_1)
FNDA:0,(anonymous_2)
FNDA:0,(anonymous_3)
DA:6,1
DA:15,0
DA:16,0
DA:17,0
DA:22,0
DA:23,0
DA:26,0
DA:37,0
DA:38,0
DA:39,0
DA:50,0
DA:51,0
DA:52,0
DA:53,0
DA:54,0
DA:59,0
DA:60,0
DA:63,0
DA:74,0
DA:75,0
DA:76,0
LF:21
LH:1
BRDA:52,0,0,0
BRDA:52,0,1,0
BRDA:60,1,0,0
BRDA:60,1,1,0
BRF:4
BRH:0
end_of_record
TN:
SF:/home/ubuntu/workspace/nlcAttendance/api/helpers/encode-associations.js
FN:35,(anonymous_0)
FNF:1
FNH:1
FNDA:1,(anonymous_0)
DA:10,1
DA:36,1
DA:37,0
DA:38,0
DA:39,0
DA:44,1
LF:6
LH:3
BRDA:37,0,0,0
BRDA:37,0,1,0
BRDA:39,1,0,0
BRDA:39,1,1,0
BRF:4
BRH:0
end_of_record
TN:
SF:/home/ubuntu/workspace/nlcAttendance/api/helpers/generate-html-select.js
FN:43,(anonymous_0)
FNF:1
FNH:0
FNDA:0,(anonymous_0)
DA:10,1
DA:44,0
DA:45,0
DA:46,0
DA:47,0
DA:48,0
DA:49,0
DA:52,0
DA:56,0
DA:59,0
LF:10
LH:1
BRDA:46,0,0,0
BRDA:46,0,1,0
BRDA:48,1,0,0
BRDA:48,1,1,0
BRDA:48,2,0,0
BRDA:48,2,1,0
BRF:6
BRH:0
end_of_record
TN:
SF:/home/ubuntu/workspace/nlcAttendance/api/helpers/get-association-domains.js
FN:29,(anonymous_0)
FNF:1
FNH:1
FNDA:1,(anonymous_0)
DA:9,1
DA:30,1
DA:31,1
DA:32,0
DA:33,0
DA:38,1
LF:6
LH:4
BRDA:32,0,0,0
BRDA:32,0,1,0
BRF:2
BRH:0
end_of_record
TN:
SF:/home/ubuntu/workspace/nlcAttendance/api/helpers/get-defaults.js
FN:30,(anonymous_0)
FNF:1
FNH:1
FNDA:2,(anonymous_0)
DA:8,1
DA:31,2
DA:32,2
DA:33,0
DA:34,0
DA:35,0
DA:36,0
DA:37,0
DA:38,0
DA:39,0
DA:43,2
LF:11
LH:4
BRDA:33,0,0,0
BRDA:33,0,1,0
BRDA:34,1,0,0
BRDA:34,1,1,0
BRDA:35,2,0,0
BRDA:35,2,1,0
BRDA:36,3,0,0
BRDA:36,3,1,0
BRDA:37,4,0,0
BRDA:37,4,1,0
BRDA:38,5,0,0
BRDA:38,5,1,0
BRDA:39,6,0,0
BRDA:39,6,1,0
BRF:14
BRH:0
end_of_record
TN:
SF:/home/ubuntu/workspace/nlcAttendance/api/helpers/is-association.js
FN:42,(anonymous_0)
FNF:1
FNH:1
FNDA:13,(anonymous_0)
DA:9,1
DA:43,13
DA:44,13
DA:45,13
LF:4
LH:4
BRDA:44,0,0,0
BRDA:44,0,1,13
BRF:2
BRH:1
end_of_record
TN:
SF:/home/ubuntu/workspace/nlcAttendance/api/helpers/populate-one.js
FN:36,(anonymous_0)
FNF:1
FNH:1
FNDA:1,(anonymous_0)
DA:10,1
DA:37,1
DA:38,1
DA:39,1
DA:40,13
DA:41,4
DA:42,4
DA:48,1
LF:8
LH:8
BRDA:38,0,0,1
BRDA:38,0,1,0
BRDA:40,1,0,4
BRDA:40,1,1,9
BRDA:42,2,0,4
BRDA:42,2,1,0
BRF:6
BRH:4
end_of_record
TN:
SF:/home/ubuntu/workspace/nlcAttendance/api/helpers/response-view-safely.js
FN:45,(anonymous_0)
FN:46,(anonymous_1)
FNF:2
FNH:0
FNDA:0,(anonymous_0)
FNDA:0,(anonymous_1)
DA:11,1
DA:13,1
DA:46,0
DA:47,0
DA:48,0
LF:5
LH:2
BRDA:47,0,0,0
BRDA:47,0,1,0
BRF:2
BRH:0
end_of_record
TN:
SF:/home/ubuntu/workspace/nlcAttendance/api/models/FallSport.js
FNF:0
FNH:0
DA:8,1
LF:1
LH:1
BRF:0
BRH:0
end_of_record
TN:
SF:/home/ubuntu/workspace/nlcAttendance/api/models/Major.js
FNF:0
FNH:0
DA:8,1
LF:1
LH:1
BRF:0
BRH:0
end_of_record
TN:
SF:/home/ubuntu/workspace/nlcAttendance/api/models/SpringSport.js
FNF:0
FNH:0
DA:8,1
LF:1
LH:1
BRF:0
BRH:0
end_of_record
TN:
SF:/home/ubuntu/workspace/nlcAttendance/api/models/Staff.js
FNF:0
FNH:0
DA:8,1
LF:1
LH:1
BRF:0
BRH:0
end_of_record
TN:
SF:/home/ubuntu/workspace/nlcAttendance/api/models/Student.js
FN:27,(anonymous_0)
FNF:1
FNH:1
FNDA:1,(anonymous_0)
DA:7,1
DA:28,1
DA:31,1
DA:37,1
DA:38,5
DA:43,5
DA:48,5
DA:55,1
DA:56,5
LF:9
LH:9
BRDA:60,0,0,1
BRDA:60,0,1,4
BRDA:61,1,0,1
BRDA:61,1,1,4
BRDA:62,2,0,1
BRDA:62,2,1,4
BRDA:63,3,0,1
BRDA:63,3,1,4
BRDA:64,4,0,1
BRDA:64,4,1,4
BRDA:65,5,0,1
BRDA:65,5,1,4
BRF:12
BRH:12
end_of_record
TN:
SF:/home/ubuntu/workspace/nlcAttendance/api/policies/isLoggedIn.js
FN:5,(anonymous_0)
FNF:1
FNH:0
FNDA:0,(anonymous_0)
DA:5,1
DA:10,0
LF:2
LH:1
BRF:0
BRH:0
end_of_record
TN:
SF:/home/ubuntu/workspace/nlcAttendance/config/blueprints.js
FNF:0
FNH:0
DA:12,1
LF:1
LH:1
BRF:0
BRH:0
end_of_record
TN:
SF:/home/ubuntu/workspace/nlcAttendance/config/bootstrap.js
FN:13,(anonymous_0)
FNF:1
FNH:1
FNDA:1,(anonymous_0)
DA:13,1
DA:16,1
LF:2
LH:2
BRF:0
BRH:0
end_of_record
TN:
SF:/home/ubuntu/workspace/nlcAttendance/config/custom.js
FNF:0
FNH:0
DA:11,1
LF:1
LH:1
BRF:0
BRH:0
end_of_record
TN:
SF:/home/ubuntu/workspace/nlcAttendance/config/datastores.js
FNF:0
FNH:0
DA:16,1
LF:1
LH:1
BRF:0
BRH:0
end_of_record
TN:
SF:/home/ubuntu/workspace/nlcAttendance/config/globals.js
FNF:0
FNH:0
DA:12,1
LF:1
LH:1
BRF:0
BRH:0
end_of_record
TN:
SF:/home/ubuntu/workspace/nlcAttendance/config/http.js
FNF:0
FNH:0
DA:12,1
LF:1
LH:1
BRF:0
BRH:0
end_of_record
TN:
SF:/home/ubuntu/workspace/nlcAttendance/config/local.js
FNF:0
FNH:0
DA:11,1
LF:1
LH:1
BRF:0
BRH:0
end_of_record
TN:
SF:/home/ubuntu/workspace/nlcAttendance/config/log.js
FNF:0
FNH:0
DA:13,1
LF:1
LH:1
BRF:0
BRH:0
end_of_record
TN:
SF:/home/ubuntu/workspace/nlcAttendance/config/models.js
FNF:0
FNH:0
DA:16,2
LF:1
LH:1
BRF:0
BRH:0
end_of_record
TN:
SF:/home/ubuntu/workspace/nlcAttendance/config/policies.js
FNF:0
FNH:0
DA:11,1
LF:1
LH:1
BRF:0
BRH:0
end_of_record
TN:
SF:/home/ubuntu/workspace/nlcAttendance/config/routes.js
FNF:0
FNH:0
DA:1,1
DA:11,1
LF:2
LH:2
BRF:0
BRH:0
end_of_record
TN:
SF:/home/ubuntu/workspace/nlcAttendance/config/security.js
FNF:0
FNH:0
DA:16,1
LF:1
LH:1
BRF:0
BRH:0
end_of_record
TN:
SF:/home/ubuntu/workspace/nlcAttendance/config/session.js
FNF:0
FNH:0
DA:12,1
LF:1
LH:1
BRF:0
BRH:0
end_of_record
TN:
SF:/home/ubuntu/workspace/nlcAttendance/config/views.js
FNF:0
FNH:0
DA:17,1
LF:1
LH:1
BRF:0
BRH:0
end_of_record
